android/build_alt_4/app/outputs/logs/manifest-merger-debug-report.txt
-- Merging decision tree log ---
provider#androidx.core.content.FileProvider
INJECTED from src\main\AndroidManifest.xml:27:9-33:20
	android:grantUriPermissions
		ADDED from src\main\AndroidManifest.xml:31:13-47
	android:authorities
		INJECTED from src\main\AndroidManifest.xml
		ADDED from src\main\AndroidManifest.xml:29:13-64
	android:exported
		ADDED from src\main\AndroidManifest.xml:30:13-37
	android:name
		ADDED from src\main\AndroidManifest.xml:28:13-62
manifest
ADDED from src\main\AndroidManifest.xml:2:1-94:12
INJECTED from src\main\AndroidManifest.xml:2:1-94:12
INJECTED from src\main\AndroidManifest.xml:2:1-94:12
INJECTED from src\main\AndroidManifest.xml:2:1-94:12
MERGED from [:capacitor-community-background-geolocation] AndroidManifest.xml:2:1-31:12
MERGED from [:capacitor-community-media] AndroidManifest.xml:2:1-7:12
MERGED from [:capacitor-app] AndroidManifest.xml:2:1-7:12
MERGED from [:capacitor-browser] AndroidManifest.xml:2:1-21:12
MERGED from [:capacitor-camera] AndroidManifest.xml:2:1-19:12
MERGED from [:capacitor-filesystem] AndroidManifest.xml:2:1-7:12
MERGED from [:capacitor-geolocation] AndroidManifest.xml:2:1-7:12
MERGED from [:capacitor-haptics] AndroidManifest.xml:2:1-9:12
MERGED from [:capacitor-keyboard] AndroidManifest.xml:2:1-7:12
MERGED from [:capacitor-local-notifications] AndroidManifest.xml:2:1-26:12
MERGED from [:capacitor-preferences] AndroidManifest.xml:2:1-7:12
MERGED from [:capacitor-push-notifications] AndroidManifest.xml:2:1-17:12
MERGED from [:capacitor-share] AndroidManifest.xml:2:1-7:12
MERGED from [:capacitor-status-bar] AndroidManifest.xml:2:1-7:12
MERGED from [:capawesome-capacitor-google-sign-in] AndroidManifest.xml:2:1-7:12
MERGED from [:revenuecat-purchases-capacitor] AndroidManifest.xml:2:1-7:12
MERGED from [:capacitor-secure-storage-plugin] AndroidManifest.xml:2:1-7:12
MERGED from [:capacitor-voice-recorder] AndroidManifest.xml:2:1-7:12
MERGED from [:capacitor-android] AndroidManifest.xml:2:1-7:12
MERGED from [:capacitor-cordova-android-plugins] AndroidManifest.xml:2:1-11:12
MERGED from [org.apache.cordova:framework:14.0.1] AndroidManifest.xml:20:1-27:12
MERGED from [androidx.core:core-splashscreen:1.2.0] AndroidManifest.xml:17:1-22:12
MERGED from [androidx.appcompat:appcompat-resources:1.7.1] AndroidManifest.xml:2:1-7:12
MERGED from [io.ionic.libs:ioncamera-android:1.0.1] AndroidManifest.xml:2:1-47:12
MERGED from [com.google.android.material:material:1.13.0] AndroidManifest.xml:17:1-24:12
MERGED from [androidx.constraintlayout:constraintlayout:2.2.0] AndroidManifest.xml:2:1-9:12
MERGED from [androidx.credentials:credentials-play-services-auth:1.5.0] AndroidManifest.xml:17:1-52:12
MERGED from [com.google.android.libraries.identity.googleid:googleid:1.1.1] AndroidManifest.xml:2:1-7:12
MERGED from [androidx.credentials:credentials:1.5.0] AndroidManifest.xml:2:1-7:12
MERGED from [androidx.biometric:biometric:1.1.0] AndroidManifest.xml:17:1-29:12
MERGED from [androidx.appcompat:appcompat:1.7.1] AndroidManifest.xml:2:1-7:12
MERGED from [androidx.coordinatorlayout:coordinatorlayout:1.3.0] AndroidManifest.xml:2:1-7:12
MERGED from [androidx.work:work-runtime:2.9.0] AndroidManifest.xml:17:1-145:12
MERGED from [com.google.android.gms:play-services-auth:21.5.0] AndroidManifest.xml:17:1-40:12
MERGED from [androidx.viewpager2:viewpager2:1.0.0] AndroidManifest.xml:17:1-24:12
MERGED from [io.ionic.libs:iongeolocation-android:2.2.0] AndroidManifest.xml:2:1-9:12
MERGED from [com.revenuecat.purchases:purchases-hybrid-common:18.15.1] AndroidManifest.xml:2:1-7:12
MERGED from [com.revenuecat.purchases:purchases-store-amazon:10.9.1] AndroidManifest.xml:2:1-18:12
MERGED from [com.revenuecat.purchases:purchases:10.9.1] AndroidManifest.xml:2:1-21:12
MERGED from [com.android.billingclient:billing:8.3.0] AndroidManifest.xml:2:1-38:12
MERGED from [com.google.android.gms:play-services-location:21.3.0] AndroidManifest.xml:2:1-8:12
MERGED from [com.google.firebase:firebase-messaging:25.0.1] AndroidManifest.xml:17:1-66:12
MERGED from [com.google.android.gms:play-services-auth-blockstore:16.4.0] AndroidManifest.xml:2:1-9:12
MERGED from [com.google.android.gms:play-services-fido:21.0.0] AndroidManifest.xml:2:1-10:12
MERGED from [com.google.android.gms:play-services-identity-credentials:16.0.0-alpha02] AndroidManifest.xml:2:1-7:12
MERGED from [com.google.android.gms:play-services-auth-api-phone:18.0.2] AndroidManifest.xml:2:1-7:12
MERGED from [com.google.android.gms:play-services-auth-base:18.0.10] AndroidManifest.xml:2:1-7:12
MERGED from [com.google.android.gms:play-services-base:18.5.0] AndroidManifest.xml:2:1-7:12
MERGED from [androidx.emoji2:emoji2-views-helper:1.3.0] AndroidManifest.xml:2:1-7:12
MERGED from [androidx.emoji2:emoji2:1.3.0] AndroidManifest.xml:17:1-35:12
MERGED from [androidx.webkit:webkit:1.14.0] AndroidManifest.xml:2:1-7:12
MERGED from [androidx.browser:browser:1.9.0] AndroidManifest.xml:2:1-7:12
MERGED from [io.ionic.libs:ionfilesystem-android:1.1.0] AndroidManifest.xml:2:1-7:12
MERGED from [androidx.activity:activity-ktx:1.11.0] AndroidManifest.xml:2:1-7:12
MERGED from [androidx.savedstate:savedstate-ktx:1.2.1] AndroidManifest.xml:17:1-22:12
MERGED from [androidx.savedstate:savedstate:1.2.1] AndroidManifest.xml:17:1-22:12
MERGED from [androidx.camera:camera-core:1.4.2] AndroidManifest.xml:17:1-36:12
MERGED from [com.google.android.gms:play-services-stats:17.0.2] AndroidManifest.xml:2:1-9:12
MERGED from [androidx.legacy:legacy-support-core-utils:1.0.0] AndroidManifest.xml:17:1-22:12
MERGED from [androidx.loader:loader:1.1.0] AndroidManifest.xml:17:1-24:12
MERGED from [androidx.lifecycle:lifecycle-viewmodel-ktx:2.6.2] AndroidManifest.xml:17:1-22:12
MERGED from [androidx.lifecycle:lifecycle-runtime-ktx:2.6.2] AndroidManifest.xml:17:1-22:12
MERGED from [androidx.lifecycle:lifecycle-viewmodel:2.6.2] AndroidManifest.xml:17:1-22:12
MERGED from [androidx.lifecycle:lifecycle-service:2.6.2] AndroidManifest.xml:17:1-22:12
MERGED from [androidx.lifecycle:lifecycle-process:2.6.2] AndroidManifest.xml:17:1-35:12
MERGED from [androidx.lifecycle:lifecycle-livedata-core:2.6.2] AndroidManifest.xml:17:1-22:12
MERGED from [androidx.lifecycle:lifecycle-livedata:2.6.2] AndroidManifest.xml:17:1-22:12
MERGED from [androidx.lifecycle:lifecycle-runtime:2.6.2] AndroidManifest.xml:2:1-7:12
MERGED from [androidx.lifecycle:lifecycle-viewmodel-savedstate:2.6.2] AndroidManifest.xml:17:1-22:12
MERGED from [androidx.graphics:graphics-shapes-android:1.0.1] AndroidManifest.xml:2:1-7:12
MERGED from [androidx.core:core-ktx:1.17.0] AndroidManifest.xml:2:1-7:12
MERGED from [androidx.vectordrawable:vectordrawable-animated:1.1.0] AndroidManifest.xml:17:1-24:12
MERGED from [androidx.vectordrawable:vectordrawable:1.1.0] AndroidManifest.xml:17:1-24:12
MERGED from [androidx.viewpager:viewpager:1.0.0] AndroidManifest.xml:17:1-22:12
MERGED from [androidx.drawerlayout:drawerlayout:1.1.1] AndroidManifest.xml:17:1-24:12
MERGED from [androidx.transition:transition:1.5.0] AndroidManifest.xml:2:1-7:12
MERGED from [androidx.dynamicanimation:dynamicanimation:1.1.0] AndroidManifest.xml:2:1-7:12
MERGED from [androidx.recyclerview:recyclerview:1.2.1] AndroidManifest.xml:17:1-24:12
MERGED from [androidx.customview:customview:1.1.0] AndroidManifest.xml:17:1-24:12
MERGED from [androidx.core:core:1.17.0] AndroidManifest.xml:17:1-30:12
MERGED from [androidx.room:room-ktx:2.5.0] AndroidManifest.xml:17:1-22:12
MERGED from [com.google.firebase:firebase-installations:18.0.0] AndroidManifest.xml:2:1-24:12
MERGED from [com.google.firebase:firebase-common:22.0.1] AndroidManifest.xml:15:1-41:12
MERGED from [androidx.datastore:datastore-core-android:1.1.7] AndroidManifest.xml:2:1-7:12
MERGED from [androidx.datastore:datastore-preferences-core-android:1.1.7] AndroidManifest.xml:2:1-7:12
MERGED from [androidx.datastore:datastore-android:1.1.7] AndroidManifest.xml:17:1-22:12
MERGED from [androidx.datastore:datastore-preferences-android:1.1.7] AndroidManifest.xml:17:1-22:12
MERGED from [com.google.firebase:firebase-iid-interop:17.1.0] AndroidManifest.xml:2:1-10:12
MERGED from [com.google.android.gms:play-services-cloud-messaging:17.2.0] AndroidManifest.xml:2:1-13:12
MERGED from [com.google.firebase:firebase-installations-interop:17.1.1] AndroidManifest.xml:15:1-19:12
MERGED from [com.google.android.gms:play-services-tasks:18.2.0] AndroidManifest.xml:2:1-5:12
MERGED from [com.google.firebase:firebase-measurement-connector:19.0.0] AndroidManifest.xml:17:1-25:12
MERGED from [com.google.android.gms:play-services-ads-identifier:17.0.1] AndroidManifest.xml:17:1-24:12
MERGED from [com.google.android.gms:play-services-basement:18.9.0] AndroidManifest.xml:16:1-26:12
MERGED from [androidx.fragment:fragment:1.8.9] AndroidManifest.xml:2:1-7:12
MERGED from [androidx.activity:activity:1.11.0] AndroidManifest.xml:17:1-22:12
MERGED from [androidx.cursoradapter:cursoradapter:1.0.0] AndroidManifest.xml:17:1-22:12
MERGED from [androidx.room:room-runtime:2.5.0] AndroidManifest.xml:17:1-31:12
MERGED from [androidx.sqlite:sqlite-framework:2.3.0] AndroidManifest.xml:17:1-22:12
MERGED from [androidx.profileinstaller:profileinstaller:1.4.0] AndroidManifest.xml:17:1-55:12
MERGED from [androidx.startup:startup-runtime:1.1.1] AndroidManifest.xml:17:1-33:12
MERGED from [androidx.localbroadcastmanager:localbroadcastmanager:1.0.0] AndroidManifest.xml:17:1-22:12
MERGED from [androidx.exifinterface:exifinterface:1.4.1] AndroidManifest.xml:2:1-7:12
MERGED from [androidx.versionedparcelable:versionedparcelable:1.1.1] AndroidManifest.xml:17:1-27:12
MERGED from [androidx.sqlite:sqlite:2.3.0] AndroidManifest.xml:17:1-22:12
MERGED from [androidx.tracing:tracing:1.2.0] AndroidManifest.xml:17:1-22:12
MERGED from [androidx.interpolator:interpolator:1.0.0] AndroidManifest.xml:17:1-22:12
MERGED from [androidx.cardview:cardview:1.0.0] AndroidManifest.xml:17:1-22:12
MERGED from [com.google.firebase:firebase-components:19.0.0] AndroidManifest.xml:15:1-20:12
MERGED from [com.google.firebase:firebase-datatransport:18.2.0] AndroidManifest.xml:15:1-31:12
MERGED from [com.google.android.datatransport:transport-backend-cct:3.1.9] AndroidManifest.xml:15:1-37:12
MERGED from [com.google.firebase:firebase-encoders-json:18.0.0] AndroidManifest.xml:15:1-23:12
MERGED from [com.google.android.datatransport:transport-runtime:3.1.9] AndroidManifest.xml:15:1-41:12
MERGED from [com.google.android.datatransport:transport-api:3.1.0] AndroidManifest.xml:15:1-20:12
MERGED from [androidx.arch.core:core-runtime:2.2.0] AndroidManifest.xml:17:1-22:12
MERGED from [androidx.documentfile:documentfile:1.0.0] AndroidManifest.xml:17:1-22:12
MERGED from [androidx.print:print:1.0.0] AndroidManifest.xml:17:1-22:12
MERGED from [androidx.annotation:annotation-experimental:1.4.1] AndroidManifest.xml:2:1-7:12
MERGED from [androidx.core:core-viewtree:1.0.0] AndroidManifest.xml:2:1-7:12
	package
		INJECTED from src\main\AndroidManifest.xml
	android:versionName
		INJECTED from src\main\AndroidManifest.xml
	android:versionCode
		INJECTED from src\main\AndroidManifest.xml
	xmlns:android
		ADDED from src\main\AndroidManifest.xml:2:11-69
application
ADDED from src\main\AndroidManifest.xml:3:5-76:19
INJECTED from src\main\AndroidManifest.xml:3:5-76:19
MERGED from [:capacitor-community-background-geolocation] AndroidManifest.xml:23:5-29:19
MERGED from [:capacitor-community-background-geolocation] AndroidManifest.xml:23:5-29:19
MERGED from [:capacitor-browser] AndroidManifest.xml:13:5-19:19
MERGED from [:capacitor-browser] AndroidManifest.xml:13:5-19:19
MERGED from [:capacitor-local-notifications] AndroidManifest.xml:11:5-24:19
MERGED from [:capacitor-local-notifications] AndroidManifest.xml:11:5-24:19
MERGED from [:capacitor-push-notifications] AndroidManifest.xml:7:5-15:19
MERGED from [:capacitor-push-notifications] AndroidManifest.xml:7:5-15:19
MERGED from [:capacitor-cordova-android-plugins] AndroidManifest.xml:8:5-9:19
MERGED from [:capacitor-cordova-android-plugins] AndroidManifest.xml:8:5-9:19
MERGED from [io.ionic.libs:ioncamera-android:1.0.1] AndroidManifest.xml:8:5-45:19
MERGED from [io.ionic.libs:ioncamera-android:1.0.1] AndroidManifest.xml:8:5-45:19
MERGED from [com.google.android.material:material:1.13.0] AndroidManifest.xml:22:5-20
MERGED from [com.google.android.material:material:1.13.0] AndroidManifest.xml:22:5-20
MERGED from [androidx.constraintlayout:constraintlayout:2.2.0] AndroidManifest.xml:7:5-20
MERGED from [androidx.constraintlayout:constraintlayout:2.2.0] AndroidManifest.xml:7:5-20
MERGED from [androidx.credentials:credentials-play-services-auth:1.5.0] AndroidManifest.xml:23:5-50:19
MERGED from [androidx.credentials:credentials-play-services-auth:1.5.0] AndroidManifest.xml:23:5-50:19
MERGED from [androidx.work:work-runtime:2.9.0] AndroidManifest.xml:28:5-143:19
MERGED from [androidx.work:work-runtime:2.9.0] AndroidManifest.xml:28:5-143:19
MERGED from [com.google.android.gms:play-services-auth:21.5.0] AndroidManifest.xml:22:5-38:19
MERGED from [com.google.android.gms:play-services-auth:21.5.0] AndroidManifest.xml:22:5-38:19
MERGED from [com.revenuecat.purchases:purchases-store-amazon:10.9.1] AndroidManifest.xml:7:5-16:19
MERGED from [com.revenuecat.purchases:purchases-store-amazon:10.9.1] AndroidManifest.xml:7:5-16:19
MERGED from [com.revenuecat.purchases:purchases:10.9.1] AndroidManifest.xml:9:5-19:19
MERGED from [com.revenuecat.purchases:purchases:10.9.1] AndroidManifest.xml:9:5-19:19
MERGED from [com.android.billingclient:billing:8.3.0] AndroidManifest.xml:21:5-36:19
MERGED from [com.android.billingclient:billing:8.3.0] AndroidManifest.xml:21:5-36:19
MERGED from [com.google.android.gms:play-services-location:21.3.0] AndroidManifest.xml:6:5-20
MERGED from [com.google.android.gms:play-services-location:21.3.0] AndroidManifest.xml:6:5-20
MERGED from [com.google.firebase:firebase-messaging:25.0.1] AndroidManifest.xml:28:5-64:19
MERGED from [com.google.firebase:firebase-messaging:25.0.1] AndroidManifest.xml:28:5-64:19
MERGED from [com.google.android.gms:play-services-auth-blockstore:16.4.0] AndroidManifest.xml:7:5-20
MERGED from [com.google.android.gms:play-services-auth-blockstore:16.4.0] AndroidManifest.xml:7:5-20
MERGED from [com.google.android.gms:play-services-fido:21.0.0] AndroidManifest.xml:7:5-8:19
MERGED from [com.google.android.gms:play-services-fido:21.0.0] AndroidManifest.xml:7:5-8:19
MERGED from [com.google.android.gms:play-services-base:18.5.0] AndroidManifest.xml:4:5-6:19
MERGED from [com.google.android.gms:play-services-base:18.5.0] AndroidManifest.xml:4:5-6:19
MERGED from [androidx.emoji2:emoji2:1.3.0] AndroidManifest.xml:23:5-33:19
MERGED from [androidx.emoji2:emoji2:1.3.0] AndroidManifest.xml:23:5-33:19
MERGED from [androidx.camera:camera-core:1.4.2] AndroidManifest.xml:23:5-34:19
MERGED from [androidx.camera:camera-core:1.4.2] AndroidManifest.xml:23:5-34:19
MERGED from [com.google.android.gms:play-services-stats:17.0.2] AndroidManifest.xml:7:5-20
MERGED from [com.google.android.gms:play-services-stats:17.0.2] AndroidManifest.xml:7:5-20
MERGED from [androidx.lifecycle:lifecycle-process:2.6.2] AndroidManifest.xml:23:5-33:19
MERGED from [androidx.lifecycle:lifecycle-process:2.6.2] AndroidManifest.xml:23:5-33:19
MERGED from [androidx.core:core:1.17.0] AndroidManifest.xml:28:5-89
MERGED from [androidx.core:core:1.17.0] AndroidManifest.xml:28:5-89
MERGED from [com.google.firebase:firebase-installations:18.0.0] AndroidManifest.xml:11:5-22:19
MERGED from [com.google.firebase:firebase-installations:18.0.0] AndroidManifest.xml:11:5-22:19
MERGED from [com.google.firebase:firebase-common:22.0.1] AndroidManifest.xml:22:5-39:19
MERGED from [com.google.firebase:firebase-common:22.0.1] AndroidManifest.xml:22:5-39:19
MERGED from [com.google.firebase:firebase-iid-interop:17.1.0] AndroidManifest.xml:7:5-8:19
MERGED from [com.google.firebase:firebase-iid-interop:17.1.0] AndroidManifest.xml:7:5-8:19
MERGED from [com.google.android.gms:play-services-tasks:18.2.0] AndroidManifest.xml:4:5-20
MERGED from [com.google.android.gms:play-services-tasks:18.2.0] AndroidManifest.xml:4:5-20
MERGED from [com.google.firebase:firebase-measurement-connector:19.0.0] AndroidManifest.xml:22:5-23:19
MERGED from [com.google.firebase:firebase-measurement-connector:19.0.0] AndroidManifest.xml:22:5-23:19
MERGED from [com.google.android.gms:play-services-ads-identifier:17.0.1] AndroidManifest.xml:22:5-20
MERGED from [com.google.android.gms:play-services-ads-identifier:17.0.1] AndroidManifest.xml:22:5-20
MERGED from [com.google.android.gms:play-services-basement:18.9.0] AndroidManifest.xml:20:5-24:19
MERGED from [com.google.android.gms:play-services-basement:18.9.0] AndroidManifest.xml:20:5-24:19
MERGED from [androidx.room:room-runtime:2.5.0] AndroidManifest.xml:23:5-29:19
MERGED from [androidx.room:room-runtime:2.5.0] AndroidManifest.xml:23:5-29:19
MERGED from [androidx.profileinstaller:profileinstaller:1.4.0] AndroidManifest.xml:23:5-53:19
MERGED from [androidx.profileinstaller:profileinstaller:1.4.0] AndroidManifest.xml:23:5-53:19
MERGED from [androidx.startup:startup-runtime:1.1.1] AndroidManifest.xml:25:5-31:19
MERGED from [androidx.startup:startup-runtime:1.1.1] AndroidManifest.xml:25:5-31:19
MERGED from [androidx.versionedparcelable:versionedparcelable:1.1.1] AndroidManifest.xml:24:5-25:19
MERGED from [androidx.versionedparcelable:versionedparcelable:1.1.1] AndroidManifest.xml:24:5-25:19
MERGED from [com.google.firebase:firebase-datatransport:18.2.0] AndroidManifest.xml:21:5-29:19
MERGED from [com.google.firebase:firebase-datatransport:18.2.0] AndroidManifest.xml:21:5-29:19
MERGED from [com.google.android.datatransport:transport-backend-cct:3.1.9] AndroidManifest.xml:27:5-35:19
MERGED from [com.google.android.datatransport:transport-backend-cct:3.1.9] AndroidManifest.xml:27:5-35:19
MERGED from [com.google.android.datatransport:transport-runtime:3.1.9] AndroidManifest.xml:25:5-39:19
MERGED from [com.google.android.datatransport:transport-runtime:3.1.9] AndroidManifest.xml:25:5-39:19
	android:requestLegacyExternalStorage
		ADDED from [io.ionic.libs:ioncamera-android:1.0.1] AndroidManifest.xml:8:18-61
	android:extractNativeLibs
		INJECTED from src\main\AndroidManifest.xml
	android:appComponentFactory
		ADDED from [androidx.core:core:1.17.0] AndroidManifest.xml:28:18-86
	android:supportsRtl
		ADDED from src\main\AndroidManifest.xml:8:9-35
	android:label
		ADDED from src\main\AndroidManifest.xml:6:9-41
	android:roundIcon
		ADDED from src\main\AndroidManifest.xml:7:9-54
	android:icon
		ADDED from src\main\AndroidManifest.xml:5:9-43
	android:allowBackup
		ADDED from src\main\AndroidManifest.xml:4:9-35
	android:theme
		ADDED from src\main\AndroidManifest.xml:9:9-40
meta-data#com.google.firebase.messaging.default_notification_icon
ADDED from src\main\AndroidManifest.xml:11:9-138
	android:resource
		ADDED from src\main\AndroidManifest.xml:11:91-135
	android:name
		ADDED from src\main\AndroidManifest.xml:11:20-90
meta-data#com.google.firebase.messaging.default_notification_color
ADDED from src\main\AndroidManifest.xml:12:9-133
	android:resource
		ADDED from src\main\AndroidManifest.xml:12:92-130
	android:name
		ADDED from src\main\AndroidManifest.xml:12:20-91
activity#com.juanesj2.lovewidget.MainActivity
ADDED from src\main\AndroidManifest.xml:14:9-25:20
	android:label
		ADDED from src\main\AndroidManifest.xml:17:13-56
	android:launchMode
		ADDED from src\main\AndroidManifest.xml:19:13-44
	android:exported
		ADDED from src\main\AndroidManifest.xml:20:13-36
	android:configChanges
		ADDED from src\main\AndroidManifest.xml:15:13-148
	android:theme
		ADDED from src\main\AndroidManifest.xml:18:13-62
	android:name
		ADDED from src\main\AndroidManifest.xml:16:13-41
intent-filter#action:name:android.intent.action.MAIN+category:name:android.intent.category.LAUNCHER
ADDED from src\main\AndroidManifest.xml:21:13-24:29
action#android.intent.action.MAIN
ADDED from src\main\AndroidManifest.xml:22:17-69
	android:name
		ADDED from src\main\AndroidManifest.xml:22:25-66
category#android.intent.category.LAUNCHER
ADDED from src\main\AndroidManifest.xml:23:17-77
	android:name
		ADDED from src\main\AndroidManifest.xml:23:27-74
receiver#com.juanesj2.lovewidget.LoveWidgetProvider
ADDED from src\main\AndroidManifest.xml:35:9-40:20
	android:label
		ADDED from src\main\AndroidManifest.xml:35:78-119
	android:exported
		ADDED from src\main\AndroidManifest.xml:35:54-77
	android:name
		ADDED from src\main\AndroidManifest.xml:35:19-53
intent-filter#action:name:android.appwidget.action.APPWIDGET_UPDATE
ADDED from src\main\AndroidManifest.xml:36:13-38:29
action#android.appwidget.action.APPWIDGET_UPDATE
ADDED from src\main\AndroidManifest.xml:37:17-84
	android:name
		ADDED from src\main\AndroidManifest.xml:37:25-81
meta-data#android.appwidget.provider
ADDED from src\main\AndroidManifest.xml:39:13-104
	android:resource
		ADDED from src\main\AndroidManifest.xml:39:66-101
	android:name
		ADDED from src\main\AndroidManifest.xml:39:24-65
receiver#com.juanesj2.lovewidget.Counter1x1WidgetProvider
ADDED from src\main\AndroidManifest.xml:42:9-47:20
	android:label
		ADDED from src\main\AndroidManifest.xml:42:84-132
	android:exported
		ADDED from src\main\AndroidManifest.xml:42:60-83
	android:name
		ADDED from src\main\AndroidManifest.xml:42:19-59
receiver#com.juanesj2.lovewidget.CounterPhotoWidgetProvider
ADDED from src\main\AndroidManifest.xml:49:9-54:20
	android:label
		ADDED from src\main\AndroidManifest.xml:49:86-136
	android:exported
		ADDED from src\main\AndroidManifest.xml:49:62-85
	android:name
		ADDED from src\main\AndroidManifest.xml:49:19-61
receiver#com.juanesj2.lovewidget.DailyPhotoWidgetProvider
ADDED from src\main\AndroidManifest.xml:56:9-61:20
	android:label
		ADDED from src\main\AndroidManifest.xml:56:84-132
	android:exported
		ADDED from src\main\AndroidManifest.xml:56:60-83
	android:name
		ADDED from src\main\AndroidManifest.xml:56:19-59
receiver#com.juanesj2.lovewidget.PokeWidgetProvider
ADDED from src\main\AndroidManifest.xml:63:9-69:20
	android:label
		ADDED from src\main\AndroidManifest.xml:63:78-119
	android:exported
		ADDED from src\main\AndroidManifest.xml:63:54-77
	android:name
		ADDED from src\main\AndroidManifest.xml:63:19-53
intent-filter#action:name:android.appwidget.action.APPWIDGET_UPDATE+action:name:com.juanesj2.lovewidget.ACTION_POKE
ADDED from src\main\AndroidManifest.xml:64:13-67:29
action#com.juanesj2.lovewidget.ACTION_POKE
ADDED from src\main\AndroidManifest.xml:66:17-78
	android:name
		ADDED from src\main\AndroidManifest.xml:66:25-75
service#com.equimaps.capacitor_background_geolocation.BackgroundGeolocationService
ADDED from src\main\AndroidManifest.xml:72:9-75:56
MERGED from [:capacitor-community-background-geolocation] AndroidManifest.xml:24:9-28:56
MERGED from [:capacitor-community-background-geolocation] AndroidManifest.xml:24:9-28:56
	android:enabled
		ADDED from [:capacitor-community-background-geolocation] AndroidManifest.xml:26:13-35
	android:exported
		ADDED from src\main\AndroidManifest.xml:74:13-36
	android:foregroundServiceType
		ADDED from src\main\AndroidManifest.xml:75:13-53
	android:name
		ADDED from src\main\AndroidManifest.xml:73:13-102
uses-permission#android.permission.INTERNET
ADDED from src\main\AndroidManifest.xml:79:5-67
MERGED from [com.revenuecat.purchases:purchases:10.9.1] AndroidManifest.xml:7:5-67
MERGED from [com.revenuecat.purchases:purchases:10.9.1] AndroidManifest.xml:7:5-67
MERGED from [com.google.firebase:firebase-installations:18.0.0] AndroidManifest.xml:8:5-67
MERGED from [com.google.firebase:firebase-installations:18.0.0] AndroidManifest.xml:8:5-67
MERGED from [com.google.android.gms:play-services-cloud-messaging:17.2.0] AndroidManifest.xml:8:5-67
MERGED from [com.google.android.gms:play-services-cloud-messaging:17.2.0] AndroidManifest.xml:8:5-67
MERGED from [com.google.android.datatransport:transport-backend-cct:3.1.9] AndroidManifest.xml:25:5-67
MERGED from [com.google.android.datatransport:transport-backend-cct:3.1.9] AndroidManifest.xml:25:5-67
	android:name
		ADDED from src\main\AndroidManifest.xml:79:22-64
uses-permission#android.permission.ACCESS_COARSE_LOCATION
ADDED from src\main\AndroidManifest.xml:80:5-81
MERGED from [:capacitor-community-background-geolocation] AndroidManifest.xml:7:5-81
MERGED from [:capacitor-community-background-geolocation] AndroidManifest.xml:7:5-81
	android:name
		ADDED from src\main\AndroidManifest.xml:80:22-78
uses-permission#android.permission.ACCESS_FINE_LOCATION
ADDED from src\main\AndroidManifest.xml:81:5-79
MERGED from [:capacitor-community-background-geolocation] AndroidManifest.xml:8:5-79
MERGED from [:capacitor-community-background-geolocation] AndroidManifest.xml:8:5-79
	android:name
		ADDED from src\main\AndroidManifest.xml:81:22-76
uses-permission#android.permission.ACCESS_BACKGROUND_LOCATION
ADDED from src\main\AndroidManifest.xml:82:5-85
	android:name
		ADDED from src\main\AndroidManifest.xml:82:22-82
uses-permission#android.permission.FOREGROUND_SERVICE
ADDED from src\main\AndroidManifest.xml:83:5-77
MERGED from [:capacitor-community-background-geolocation] AndroidManifest.xml:9:5-77
MERGED from [:capacitor-community-background-geolocation] AndroidManifest.xml:9:5-77
MERGED from [androidx.work:work-runtime:2.9.0] AndroidManifest.xml:26:5-77
MERGED from [androidx.work:work-runtime:2.9.0] AndroidManifest.xml:26:5-77
	android:name
		ADDED from src\main\AndroidManifest.xml:83:22-74
uses-permission#android.permission.FOREGROUND_SERVICE_LOCATION
ADDED from src\main\AndroidManifest.xml:84:5-86
MERGED from [:capacitor-community-background-geolocation] AndroidManifest.xml:14:5-86
MERGED from [:capacitor-community-background-geolocation] AndroidManifest.xml:14:5-86
	android:name
		ADDED from src\main\AndroidManifest.xml:84:22-83
uses-permission#android.permission.POST_NOTIFICATIONS
ADDED from src\main\AndroidManifest.xml:85:5-77
MERGED from [:capacitor-community-background-geolocation] AndroidManifest.xml:19:5-77
MERGED from [:capacitor-community-background-geolocation] AndroidManifest.xml:19:5-77
MERGED from [:capacitor-local-notifications] AndroidManifest.xml:9:5-77
MERGED from [:capacitor-local-notifications] AndroidManifest.xml:9:5-77
MERGED from [com.google.firebase:firebase-messaging:25.0.1] AndroidManifest.xml:23:5-77
MERGED from [com.google.firebase:firebase-messaging:25.0.1] AndroidManifest.xml:23:5-77
	android:name
		ADDED from src\main\AndroidManifest.xml:85:22-74
uses-permission#android.permission.CAMERA
ADDED from src\main\AndroidManifest.xml:88:5-65
	android:name
		ADDED from src\main\AndroidManifest.xml:88:22-62
uses-permission#android.permission.READ_EXTERNAL_STORAGE
ADDED from src\main\AndroidManifest.xml:89:5-80
	android:name
		ADDED from src\main\AndroidManifest.xml:89:22-77
uses-permission#android.permission.WRITE_EXTERNAL_STORAGE
ADDED from src\main\AndroidManifest.xml:90:5-81
	android:name
		ADDED from src\main\AndroidManifest.xml:90:22-78
uses-permission#android.permission.READ_MEDIA_IMAGES
ADDED from src\main\AndroidManifest.xml:91:5-76
	android:name
		ADDED from src\main\AndroidManifest.xml:91:22-73
uses-permission#android.permission.RECORD_AUDIO
ADDED from src\main\AndroidManifest.xml:92:5-71
	android:name
		ADDED from src\main\AndroidManifest.xml:92:22-68
uses-feature#android.hardware.camera
ADDED from src\main\AndroidManifest.xml:93:5-85
	android:required
		ADDED from src\main\AndroidManifest.xml:93:58-82
	android:name
		ADDED from src\main\AndroidManifest.xml:93:19-57
meta-data#android.support.FILE_PROVIDER_PATHS
ADDED from src\main\AndroidManifest.xml:32:13-112
	android:resource
		ADDED from src\main\AndroidManifest.xml:32:75-109
	android:name
		ADDED from src\main\AndroidManifest.xml:32:24-74
uses-sdk
INJECTED from src\main\AndroidManifest.xml reason: use-sdk injection requested
INJECTED from src\main\AndroidManifest.xml
INJECTED from src\main\AndroidManifest.xml
MERGED from [:capacitor-community-background-geolocation] AndroidManifest.xml:5:5-44
MERGED from [:capacitor-community-background-geolocation] AndroidManifest.xml:5:5-44
MERGED from [:capacitor-community-media] AndroidManifest.xml:5:5-44
MERGED from [:capacitor-community-media] AndroidManifest.xml:5:5-44
MERGED from [:capacitor-app] AndroidManifest.xml:5:5-44
MERGED from [:capacitor-app] AndroidManifest.xml:5:5-44
MERGED from [:capacitor-browser] AndroidManifest.xml:5:5-44
MERGED from [:capacitor-browser] AndroidManifest.xml:5:5-44
MERGED from [:capacitor-camera] AndroidManifest.xml:5:5-44
MERGED from [:capacitor-camera] AndroidManifest.xml:5:5-44
MERGED from [:capacitor-filesystem] AndroidManifest.xml:5:5-44
MERGED from [:capacitor-filesystem] AndroidManifest.xml:5:5-44
MERGED from [:capacitor-geolocation] AndroidManifest.xml:5:5-44
MERGED from [:capacitor-geolocation] AndroidManifest.xml:5:5-44
MERGED from [:capacitor-haptics] AndroidManifest.xml:5:5-44
MERGED from [:capacitor-haptics] AndroidManifest.xml:5:5-44
MERGED from [:capacitor-keyboard] AndroidManifest.xml:5:5-44
MERGED from [:capacitor-keyboard] AndroidManifest.xml:5:5-44
MERGED from [:capacitor-local-notifications] AndroidManifest.xml:5:5-44
MERGED from [:capacitor-local-notifications] AndroidManifest.xml:5:5-44
MERGED from [:capacitor-preferences] AndroidManifest.xml:5:5-44
MERGED from [:capacitor-preferences] AndroidManifest.xml:5:5-44
MERGED from [:capacitor-push-notifications] AndroidManifest.xml:5:5-44
MERGED from [:capacitor-push-notifications] AndroidManifest.xml:5:5-44
MERGED from [:capacitor-share] AndroidManifest.xml:5:5-44
MERGED from [:capacitor-share] AndroidManifest.xml:5:5-44
MERGED from [:capacitor-status-bar] AndroidManifest.xml:5:5-44
MERGED from [:capacitor-status-bar] AndroidManifest.xml:5:5-44
MERGED from [:capawesome-capacitor-google-sign-in] AndroidManifest.xml:5:5-44
MERGED from [:capawesome-capacitor-google-sign-in] AndroidManifest.xml:5:5-44
MERGED from [:revenuecat-purchases-capacitor] AndroidManifest.xml:5:5-44
MERGED from [:revenuecat-purchases-capacitor] AndroidManifest.xml:5:5-44